#
# There is insufficient memory for the Java Runtime Environment to continue.
# Native memory allocation (mmap) failed to map 65536 bytes for Failed to commit metaspace.
# Possible reasons:
#   The system is out of physical RAM or swap space
#   The process is running with CompressedOops enabled, and the Java Heap may be blocking the growth of the native heap
# Possible solutions:
#   Reduce memory load on the system
#   Increase physical memory or swap space
#   Check if swap backing store is full
#   Decrease Java heap size (-Xmx/-Xms)
#   Decrease number of Java threads
#   Decrease Java thread stack sizes (-Xss)
#   Set larger code cache with -XX:ReservedCodeCacheSize=
#   JVM is running with Zero Based Compressed Oops mode in which the Java heap is
#     placed in the first 32GB address space. The Java Heap base address is the
#     maximum limit for the native heap growth. Please use -XX:HeapBaseMinAddress
#     to set the Java Heap base and to place the Java Heap above 32GB virtual address.
# This output file may be truncated or incomplete.
#
#  Out of Memory Error (virtualSpaceNode.cpp:110), pid=1720, tid=15260
#
# JRE version: OpenJDK Runtime Environment Temurin-17.0.8.1+1 (17.0.8.1+1) (build 17.0.8.1+1)
# Java VM: OpenJDK 64-Bit Server VM Temurin-17.0.8.1+1 (17.0.8.1+1, mixed mode, emulated-client, sharing, tiered, compressed oops, compressed class ptrs, g1 gc, windows-amd64)
# No core dump will be written. Minidumps are not enabled by default on client versions of Windows
#

---------------  S U M M A R Y ------------

Command Line: -XX:TieredStopAtLevel=1 -Dspring.output.ansi.enabled=always -Dcom.sun.management.jmxremote -Dspring.jmx.enabled=true -Dspring.liveBeansView.mbeanDomain -Dspring.application.admin.enabled=true -Dmanagement.endpoints.jmx.exposure.include=* -javaagent:C:\Program Files\JetBrains\IntelliJ IDEA 2023.2.1\lib\idea_rt.jar=54074:C:\Program Files\JetBrains\IntelliJ IDEA 2023.2.1\bin -Dfile.encoding=UTF-8 com.bootcamp.apirest.ApiRestApplication

Host: Intel(R) Core(TM) i5-6400 CPU @ 2.70GHz, 4 cores, 15G,  Windows 10 , 64 bit Build 19041 (10.0.19041.3636)
Time: Wed Nov 15 16:32:41 2023 Hora estándar de Argentina elapsed time: 1.779769 seconds (0d 0h 0m 1s)

---------------  T H R E A D  ---------------

Current thread (0x0000020e11e95e70):  JavaThread "main" [_thread_in_vm, id=15260, stack(0x000000436c500000,0x000000436c600000)]

Stack: [0x000000436c500000,0x000000436c600000]
Native frames: (J=compiled Java code, j=interpreted, Vv=VM code, C=native code)
V  [jvm.dll+0x678b0a]
V  [jvm.dll+0x835e84]
V  [jvm.dll+0x83762e]
V  [jvm.dll+0x837c93]
V  [jvm.dll+0x24746f]
V  [jvm.dll+0x831f1b]
V  [jvm.dll+0x61d3c6]
V  [jvm.dll+0x1c1aae]
V  [jvm.dll+0x61fd21]
V  [jvm.dll+0x61dd66]
V  [jvm.dll+0x23ced7]
V  [jvm.dll+0x1e7573]
V  [jvm.dll+0x1ec316]
V  [jvm.dll+0x1e1d21]
V  [jvm.dll+0x53fba0]
V  [jvm.dll+0x7b1278]
V  [jvm.dll+0x7b1364]
V  [jvm.dll+0x40ecc5]
V  [jvm.dll+0x414e18]
C  [java.dll+0x17ec]

Java frames: (J=compiled Java code, j=interpreted, Vv=VM code)
J 1204  java.lang.ClassLoader.defineClass1(Ljava/lang/ClassLoader;Ljava/lang/String;[BIILjava/security/ProtectionDomain;Ljava/lang/String;)Ljava/lang/Class; java.base@17.0.8.1 (0 bytes) @ 0x0000020e19d5b063 [0x0000020e19d5afa0+0x00000000000000c3]
J 1250 c1 java.lang.ClassLoader.defineClass(Ljava/lang/String;[BIILjava/security/ProtectionDomain;)Ljava/lang/Class; java.base@17.0.8.1 (43 bytes) @ 0x0000020e19d73d6c [0x0000020e19d73c60+0x000000000000010c]
J 1240 c1 jdk.internal.loader.BuiltinClassLoader.defineClass(Ljava/lang/String;Ljdk/internal/loader/Resource;)Ljava/lang/Class; java.base@17.0.8.1 (121 bytes) @ 0x0000020e19d70e74 [0x0000020e19d709a0+0x00000000000004d4]
J 1222 c1 jdk.internal.loader.BuiltinClassLoader.findClassOnClassPathOrNull(Ljava/lang/String;)Ljava/lang/Class; java.base@17.0.8.1 (64 bytes) @ 0x0000020e19d63cec [0x0000020e19d63a20+0x00000000000002cc]
J 905 c1 jdk.internal.loader.BuiltinClassLoader.loadClassOrNull(Ljava/lang/String;Z)Ljava/lang/Class; java.base@17.0.8.1 (143 bytes) @ 0x0000020e19cdf784 [0x0000020e19cdf300+0x0000000000000484]
J 1075 c1 jdk.internal.loader.ClassLoaders$AppClassLoader.loadClass(Ljava/lang/String;Z)Ljava/lang/Class; java.base@17.0.8.1 (40 bytes) @ 0x0000020e19d2af2c [0x0000020e19d2ade0+0x000000000000014c]
J 1071 c1 java.lang.ClassLoader.loadClass(Ljava/lang/String;)Ljava/lang/Class; java.base@17.0.8.1 (7 bytes) @ 0x0000020e19d29d64 [0x0000020e19d29d20+0x0000000000000044]
v  ~StubRoutines::call_stub
J 1204  java.lang.ClassLoader.defineClass1(Ljava/lang/ClassLoader;Ljava/lang/String;[BIILjava/security/ProtectionDomain;Ljava/lang/String;)Ljava/lang/Class; java.base@17.0.8.1 (0 bytes) @ 0x0000020e19d5b063 [0x0000020e19d5afa0+0x00000000000000c3]
J 1250 c1 java.lang.ClassLoader.defineClass(Ljava/lang/String;[BIILjava/security/ProtectionDomain;)Ljava/lang/Class; java.base@17.0.8.1 (43 bytes) @ 0x0000020e19d73d6c [0x0000020e19d73c60+0x000000000000010c]
J 1240 c1 jdk.internal.loader.BuiltinClassLoader.defineClass(Ljava/lang/String;Ljdk/internal/loader/Resource;)Ljava/lang/Class; java.base@17.0.8.1 (121 bytes) @ 0x0000020e19d70e74 [0x0000020e19d709a0+0x00000000000004d4]
J 1222 c1 jdk.internal.loader.BuiltinClassLoader.findClassOnClassPathOrNull(Ljava/lang/String;)Ljava/lang/Class; java.base@17.0.8.1 (64 bytes) @ 0x0000020e19d63cec [0x0000020e19d63a20+0x00000000000002cc]
J 905 c1 jdk.internal.loader.BuiltinClassLoader.loadClassOrNull(Ljava/lang/String;Z)Ljava/lang/Class; java.base@17.0.8.1 (143 bytes) @ 0x0000020e19cdf784 [0x0000020e19cdf300+0x0000000000000484]
J 1075 c1 jdk.internal.loader.ClassLoaders$AppClassLoader.loadClass(Ljava/lang/String;Z)Ljava/lang/Class; java.base@17.0.8.1 (40 bytes) @ 0x0000020e19d2af2c [0x0000020e19d2ade0+0x000000000000014c]
J 1071 c1 java.lang.ClassLoader.loadClass(Ljava/lang/String;)Ljava/lang/Class; java.base@17.0.8.1 (7 bytes) @ 0x0000020e19d29d64 [0x0000020e19d29d20+0x0000000000000044]
v  ~StubRoutines::call_stub
j  org.springframework.context.support.GenericApplicationContext.<init>()V+21
j  org.springframework.web.context.support.GenericWebApplicationContext.<init>()V+1
j  org.springframework.boot.web.servlet.context.ServletWebServerApplicationContext.<init>()V+1
j  org.springframework.boot.web.servlet.context.AnnotationConfigServletWebServerApplicationContext.<init>()V+1
j  org.springframework.boot.web.servlet.context.ServletWebServerApplicationContextFactory.createContext()Lorg/springframework/context/ConfigurableApplicationContext;+10
j  org.springframework.boot.web.servlet.context.ServletWebServerApplicationContextFactory.create(Lorg/springframework/boot/WebApplicationType;)Lorg/springframework/context/ConfigurableApplicationContext;+12
j  org.springframework.boot.DefaultApplicationContextFactory$$Lambda$283+0x0000020e2a19f250.apply(Ljava/lang/Object;Ljava/lang/Object;)Ljava/lang/Object;+8
j  org.springframework.boot.DefaultApplicationContextFactory.getFromSpringFactories(Lorg/springframework/boot/WebApplicationType;Ljava/util/function/BiFunction;Ljava/util/function/Supplier;)Ljava/lang/Object;+45
j  org.springframework.boot.DefaultApplicationContextFactory.create(Lorg/springframework/boot/WebApplicationType;)Lorg/springframework/context/ConfigurableApplicationContext;+13
j  org.springframework.boot.SpringApplication.createApplicationContext()Lorg/springframework/context/ConfigurableApplicationContext;+8
j  org.springframework.boot.SpringApplication.run([Ljava/lang/String;)Lorg/springframework/context/ConfigurableApplicationContext;+79
j  org.springframework.boot.SpringApplication.run([Ljava/lang/Class;[Ljava/lang/String;)Lorg/springframework/context/ConfigurableApplicationContext;+9
j  org.springframework.boot.SpringApplication.run(Ljava/lang/Class;[Ljava/lang/String;)Lorg/springframework/context/ConfigurableApplicationContext;+9
j  com.bootcamp.apirest.ApiRestApplication.main([Ljava/lang/String;)V+3
v  ~StubRoutines::call_stub

---------------  P R O C E S S  ---------------

Threads class SMR info:
_java_thread_list=0x0000020e6e690f80, length=18, elements={
0x0000020e11e95e70, 0x0000020e284209c0, 0x0000020e28421750, 0x0000020e28433230,
0x0000020e28434d10, 0x0000020e2843c610, 0x0000020e2843cee0, 0x0000020e2843d860,
0x0000020e28590040, 0x0000020e2840e980, 0x0000020e28645650, 0x0000020e28645b70,
0x0000020e6e0593a0, 0x0000020e6e059880, 0x0000020e6e1a4390, 0x0000020e6e4ad7e0,
0x0000020e6e4ec100, 0x0000020e6e6b7060
}

Java Threads: ( => current thread )
=>0x0000020e11e95e70 JavaThread "main" [_thread_in_vm, id=15260, stack(0x000000436c500000,0x000000436c600000)]
  0x0000020e284209c0 JavaThread "Reference Handler" daemon [_thread_blocked, id=7792, stack(0x000000436cc00000,0x000000436cd00000)]
  0x0000020e28421750 JavaThread "Finalizer" daemon [_thread_blocked, id=16092, stack(0x000000436cd00000,0x000000436ce00000)]
  0x0000020e28433230 JavaThread "Signal Dispatcher" daemon [_thread_blocked, id=13832, stack(0x000000436ce00000,0x000000436cf00000)]
  0x0000020e28434d10 JavaThread "Attach Listener" daemon [_thread_blocked, id=5804, stack(0x000000436cf00000,0x000000436d000000)]
  0x0000020e2843c610 JavaThread "Service Thread" daemon [_thread_blocked, id=9796, stack(0x000000436d000000,0x000000436d100000)]
  0x0000020e2843cee0 JavaThread "Monitor Deflation Thread" daemon [_thread_blocked, id=20068, stack(0x000000436d100000,0x000000436d200000)]
  0x0000020e2843d860 JavaThread "C1 CompilerThread0" daemon [_thread_blocked, id=17352, stack(0x000000436d200000,0x000000436d300000)]
  0x0000020e28590040 JavaThread "Sweeper thread" daemon [_thread_blocked, id=9572, stack(0x000000436d300000,0x000000436d400000)]
  0x0000020e2840e980 JavaThread "Common-Cleaner" daemon [_thread_blocked, id=12428, stack(0x000000436d400000,0x000000436d500000)]
  0x0000020e28645650 JavaThread "C1 CompilerThread1" daemon [_thread_blocked, id=18448, stack(0x000000436d500000,0x000000436d600000)]
  0x0000020e28645b70 JavaThread "C1 CompilerThread2" daemon [_thread_blocked, id=16848, stack(0x000000436d600000,0x000000436d700000)]
  0x0000020e6e0593a0 JavaThread "Monitor Ctrl-Break" daemon [_thread_in_native, id=14980, stack(0x000000436d700000,0x000000436d800000)]
  0x0000020e6e059880 JavaThread "Notification Thread" daemon [_thread_blocked, id=20408, stack(0x000000436d800000,0x000000436d900000)]
  0x0000020e6e1a4390 JavaThread "RMI TCP Accept-0" daemon [_thread_in_native, id=5456, stack(0x000000436d900000,0x000000436da00000)]
  0x0000020e6e4ad7e0 JavaThread "RMI TCP Connection(1)-192.168.0.202" daemon [_thread_in_native, id=19320, stack(0x000000436df00000,0x000000436e000000)]
  0x0000020e6e4ec100 JavaThread "RMI Scheduler(0)" daemon [_thread_blocked, id=9760, stack(0x000000436e000000,0x000000436e100000)]
  0x0000020e6e6b7060 JavaThread "background-preinit" [_thread_in_vm, id=18716, stack(0x000000436e100000,0x000000436e200000)]

Other Threads:
  0x0000020e2841ae40 VMThread "VM Thread" [stack: 0x000000436cb00000,0x000000436cc00000] [id=19128]
  0x0000020e11e96d40 WatcherThread [stack: 0x000000436da00000,0x000000436db00000] [id=4568]
  0x0000020e11eff060 GCTaskThread "GC Thread#0" [stack: 0x000000436c600000,0x000000436c700000] [id=18468]
  0x0000020e6e1b7f40 GCTaskThread "GC Thread#1" [stack: 0x000000436db00000,0x000000436dc00000] [id=14144]
  0x0000020e6e1fa800 GCTaskThread "GC Thread#2" [stack: 0x000000436dc00000,0x000000436dd00000] [id=6892]
  0x0000020e6e1d3b50 GCTaskThread "GC Thread#3" [stack: 0x000000436dd00000,0x000000436de00000] [id=16160]
  0x0000020e11f0fe10 ConcurrentGCThread "G1 Main Marker" [stack: 0x000000436c700000,0x000000436c800000] [id=16636]
  0x0000020e11f10730 ConcurrentGCThread "G1 Conc#0" [stack: 0x000000436c800000,0x000000436c900000] [id=7828]
  0x0000020e282d7100 ConcurrentGCThread "G1 Refine#0" [stack: 0x000000436c900000,0x000000436ca00000] [id=15864]
  0x0000020e6e226d50 ConcurrentGCThread "G1 Refine#1" [stack: 0x000000436de00000,0x000000436df00000] [id=3736]
  0x0000020e11f4e7a0 ConcurrentGCThread "G1 Service" [stack: 0x000000436ca00000,0x000000436cb00000] [id=13796]

Threads with active compile tasks:

VM state: not at safepoint (normal execution)

VM Mutex/Monitor currently owned by a thread:  ([mutex/lock_event])
[0x0000020e11e8fb80] Metaspace_lock - owner thread: 0x0000020e11e95e70

Heap address: 0x0000000700a00000, size: 4086 MB, Compressed Oops mode: Zero based, Oop shift amount: 3

CDS archive(s) mapped at: [0x0000020e29000000-0x0000020e29bd0000-0x0000020e29bd0000), size 12386304, SharedBaseAddress: 0x0000020e29000000, ArchiveRelocationMode: 1.
Compressed class space mapped at: 0x0000020e2a000000-0x0000020e6a000000, reserved size: 1073741824
Narrow klass base: 0x0000020e29000000, Narrow klass shift: 0, Narrow klass range: 0x100000000

GC Precious Log:
 CPUs: 4 total, 4 available
 Memory: 16336M
 Large Page Support: Disabled
 NUMA Support: Disabled
 Compressed Oops: Enabled (Zero based)
 Heap Region Size: 2M
 Heap Min Capacity: 8M
 Heap Initial Capacity: 256M
 Heap Max Capacity: 4086M
 Pre-touch: Disabled
 Parallel Workers: 4
 Concurrent Workers: 1
 Concurrent Refinement Workers: 4
 Periodic GC: Disabled

Heap:
 garbage-first heap   total 262144K, used 23798K [0x0000000700a00000, 0x0000000800000000)
  region size 2048K, 10 young (20480K), 1 survivors (2048K)
 Metaspace       used 11503K, committed 11776K, reserved 1114112K
  class space    used 1560K, committed 1728K, reserved 1048576K

Heap Regions: E=young(eden), S=young(survivor), O=old, HS=humongous(starts), HC=humongous(continues), CS=collection set, F=free, OA=open archive, CA=closed archive, TAMS=top-at-mark-start (previous, next)
|   0|0x0000000700a00000, 0x0000000700c00000, 0x0000000700c00000|100%| O|  |TAMS 0x0000000700a00000, 0x0000000700a00000| Untracked 
|   1|0x0000000700c00000, 0x0000000700e00000, 0x0000000700e00000|100%| O|  |TAMS 0x0000000700c00000, 0x0000000700c00000| Untracked 
|   2|0x0000000700e00000, 0x0000000700f9b800, 0x0000000701000000| 80%| O|  |TAMS 0x0000000700e00000, 0x0000000700e00000| Untracked 
|   3|0x0000000701000000, 0x0000000701000000, 0x0000000701200000|  0%| F|  |TAMS 0x0000000701000000, 0x0000000701000000| Untracked 
|   4|0x0000000701200000, 0x0000000701200000, 0x0000000701400000|  0%| F|  |TAMS 0x0000000701200000, 0x0000000701200000| Untracked 
|   5|0x0000000701400000, 0x0000000701400000, 0x0000000701600000|  0%| F|  |TAMS 0x0000000701400000, 0x0000000701400000| Untracked 
|   6|0x0000000701600000, 0x0000000701600000, 0x0000000701800000|  0%| F|  |TAMS 0x0000000701600000, 0x0000000701600000| Untracked 
|   7|0x0000000701800000, 0x0000000701800000, 0x0000000701a00000|  0%| F|  |TAMS 0x0000000701800000, 0x0000000701800000| Untracked 
|   8|0x0000000701a00000, 0x0000000701a00000, 0x0000000701c00000|  0%| F|  |TAMS 0x0000000701a00000, 0x0000000701a00000| Untracked 
|   9|0x0000000701c00000, 0x0000000701c00000, 0x0000000701e00000|  0%| F|  |TAMS 0x0000000701c00000, 0x0000000701c00000| Untracked 
|  10|0x0000000701e00000, 0x0000000701e00000, 0x0000000702000000|  0%| F|  |TAMS 0x0000000701e00000, 0x0000000701e00000| Untracked 
|  11|0x0000000702000000, 0x0000000702000000, 0x0000000702200000|  0%| F|  |TAMS 0x0000000702000000, 0x0000000702000000| Untracked 
|  12|0x0000000702200000, 0x0000000702200000, 0x0000000702400000|  0%| F|  |TAMS 0x0000000702200000, 0x0000000702200000| Untracked 
|  13|0x0000000702400000, 0x0000000702400000, 0x0000000702600000|  0%| F|  |TAMS 0x0000000702400000, 0x0000000702400000| Untracked 
|  14|0x0000000702600000, 0x0000000702600000, 0x0000000702800000|  0%| F|  |TAMS 0x0000000702600000, 0x0000000702600000| Untracked 
|  15|0x0000000702800000, 0x0000000702800000, 0x0000000702a00000|  0%| F|  |TAMS 0x0000000702800000, 0x0000000702800000| Untracked 
|  16|0x0000000702a00000, 0x0000000702a00000, 0x0000000702c00000|  0%| F|  |TAMS 0x0000000702a00000, 0x0000000702a00000| Untracked 
|  17|0x0000000702c00000, 0x0000000702c00000, 0x0000000702e00000|  0%| F|  |TAMS 0x0000000702c00000, 0x0000000702c00000| Untracked 
|  18|0x0000000702e00000, 0x0000000702e00000, 0x0000000703000000|  0%| F|  |TAMS 0x0000000702e00000, 0x0000000702e00000| Untracked 
|  19|0x0000000703000000, 0x0000000703000000, 0x0000000703200000|  0%| F|  |TAMS 0x0000000703000000, 0x0000000703000000| Untracked 
|  20|0x0000000703200000, 0x0000000703200000, 0x0000000703400000|  0%| F|  |TAMS 0x0000000703200000, 0x0000000703200000| Untracked 
|  21|0x0000000703400000, 0x0000000703400000, 0x0000000703600000|  0%| F|  |TAMS 0x0000000703400000, 0x0000000703400000| Untracked 
|  22|0x0000000703600000, 0x0000000703600000, 0x0000000703800000|  0%| F|  |TAMS 0x0000000703600000, 0x0000000703600000| Untracked 
|  23|0x0000000703800000, 0x0000000703800000, 0x0000000703a00000|  0%| F|  |TAMS 0x0000000703800000, 0x0000000703800000| Untracked 
|  24|0x0000000703a00000, 0x0000000703a00000, 0x0000000703c00000|  0%| F|  |TAMS 0x0000000703a00000, 0x0000000703a00000| Untracked 
|  25|0x0000000703c00000, 0x0000000703c00000, 0x0000000703e00000|  0%| F|  |TAMS 0x0000000703c00000, 0x0000000703c00000| Untracked 
|  26|0x0000000703e00000, 0x0000000703e00000, 0x0000000704000000|  0%| F|  |TAMS 0x0000000703e00000, 0x0000000703e00000| Untracked 
|  27|0x0000000704000000, 0x0000000704000000, 0x0000000704200000|  0%| F|  |TAMS 0x0000000704000000, 0x0000000704000000| Untracked 
|  28|0x0000000704200000, 0x0000000704200000, 0x0000000704400000|  0%| F|  |TAMS 0x0000000704200000, 0x0000000704200000| Untracked 
|  29|0x0000000704400000, 0x0000000704400000, 0x0000000704600000|  0%| F|  |TAMS 0x0000000704400000, 0x0000000704400000| Untracked 
|  30|0x0000000704600000, 0x0000000704600000, 0x0000000704800000|  0%| F|  |TAMS 0x0000000704600000, 0x0000000704600000| Untracked 
|  31|0x0000000704800000, 0x0000000704800000, 0x0000000704a00000|  0%| F|  |TAMS 0x0000000704800000, 0x0000000704800000| Untracked 
|  32|0x0000000704a00000, 0x0000000704a00000, 0x0000000704c00000|  0%| F|  |TAMS 0x0000000704a00000, 0x0000000704a00000| Untracked 
|  33|0x0000000704c00000, 0x0000000704c00000, 0x0000000704e00000|  0%| F|  |TAMS 0x0000000704c00000, 0x0000000704c00000| Untracked 
|  34|0x0000000704e00000, 0x0000000704e00000, 0x0000000705000000|  0%| F|  |TAMS 0x0000000704e00000, 0x0000000704e00000| Untracked 
|  35|0x0000000705000000, 0x0000000705000000, 0x0000000705200000|  0%| F|  |TAMS 0x0000000705000000, 0x0000000705000000| Untracked 
|  36|0x0000000705200000, 0x0000000705200000, 0x0000000705400000|  0%| F|  |TAMS 0x0000000705200000, 0x0000000705200000| Untracked 
|  37|0x0000000705400000, 0x0000000705400000, 0x0000000705600000|  0%| F|  |TAMS 0x0000000705400000, 0x0000000705400000| Untracked 
|  38|0x0000000705600000, 0x0000000705600000, 0x0000000705800000|  0%| F|  |TAMS 0x0000000705600000, 0x0000000705600000| Untracked 
|  39|0x0000000705800000, 0x0000000705800000, 0x0000000705a00000|  0%| F|  |TAMS 0x0000000705800000, 0x0000000705800000| Untracked 
|  40|0x0000000705a00000, 0x0000000705a00000, 0x0000000705c00000|  0%| F|  |TAMS 0x0000000705a00000, 0x0000000705a00000| Untracked 
|  41|0x0000000705c00000, 0x0000000705c00000, 0x0000000705e00000|  0%| F|  |TAMS 0x0000000705c00000, 0x0000000705c00000| Untracked 
|  42|0x0000000705e00000, 0x0000000705e00000, 0x0000000706000000|  0%| F|  |TAMS 0x0000000705e00000, 0x0000000705e00000| Untracked 
|  43|0x0000000706000000, 0x0000000706000000, 0x0000000706200000|  0%| F|  |TAMS 0x0000000706000000, 0x0000000706000000| Untracked 
|  44|0x0000000706200000, 0x0000000706200000, 0x0000000706400000|  0%| F|  |TAMS 0x0000000706200000, 0x0000000706200000| Untracked 
|  45|0x0000000706400000, 0x0000000706400000, 0x0000000706600000|  0%| F|  |TAMS 0x0000000706400000, 0x0000000706400000| Untracked 
|  46|0x0000000706600000, 0x0000000706600000, 0x0000000706800000|  0%| F|  |TAMS 0x0000000706600000, 0x0000000706600000| Untracked 
|  47|0x0000000706800000, 0x0000000706800000, 0x0000000706a00000|  0%| F|  |TAMS 0x0000000706800000, 0x0000000706800000| Untracked 
|  48|0x0000000706a00000, 0x0000000706a00000, 0x0000000706c00000|  0%| F|  |TAMS 0x0000000706a00000, 0x0000000706a00000| Untracked 
|  49|0x0000000706c00000, 0x0000000706c00000, 0x0000000706e00000|  0%| F|  |TAMS 0x0000000706c00000, 0x0000000706c00000| Untracked 
|  50|0x0000000706e00000, 0x0000000706e00000, 0x0000000707000000|  0%| F|  |TAMS 0x0000000706e00000, 0x0000000706e00000| Untracked 
|  51|0x0000000707000000, 0x0000000707000000, 0x0000000707200000|  0%| F|  |TAMS 0x0000000707000000, 0x0000000707000000| Untracked 
|  52|0x0000000707200000, 0x0000000707200000, 0x0000000707400000|  0%| F|  |TAMS 0x0000000707200000, 0x0000000707200000| Untracked 
|  53|0x0000000707400000, 0x0000000707400000, 0x0000000707600000|  0%| F|  |TAMS 0x0000000707400000, 0x0000000707400000| Untracked 
|  54|0x0000000707600000, 0x0000000707600000, 0x0000000707800000|  0%| F|  |TAMS 0x0000000707600000, 0x0000000707600000| Untracked 
|  55|0x0000000707800000, 0x0000000707800000, 0x0000000707a00000|  0%| F|  |TAMS 0x0000000707800000, 0x0000000707800000| Untracked 
|  56|0x0000000707a00000, 0x0000000707a00000, 0x0000000707c00000|  0%| F|  |TAMS 0x0000000707a00000, 0x0000000707a00000| Untracked 
|  57|0x0000000707c00000, 0x0000000707c00000, 0x0000000707e00000|  0%| F|  |TAMS 0x0000000707c00000, 0x0000000707c00000| Untracked 
|  58|0x0000000707e00000, 0x0000000707e00000, 0x0000000708000000|  0%| F|  |TAMS 0x0000000707e00000, 0x0000000707e00000| Untracked 
|  59|0x0000000708000000, 0x0000000708000000, 0x0000000708200000|  0%| F|  |TAMS 0x0000000708000000, 0x0000000708000000| Untracked 
|  60|0x0000000708200000, 0x0000000708200000, 0x0000000708400000|  0%| F|  |TAMS 0x0000000708200000, 0x0000000708200000| Untracked 
|  61|0x0000000708400000, 0x0000000708400000, 0x0000000708600000|  0%| F|  |TAMS 0x0000000708400000, 0x0000000708400000| Untracked 
|  62|0x0000000708600000, 0x0000000708600000, 0x0000000708800000|  0%| F|  |TAMS 0x0000000708600000, 0x0000000708600000| Untracked 
|  63|0x0000000708800000, 0x0000000708800000, 0x0000000708a00000|  0%| F|  |TAMS 0x0000000708800000, 0x0000000708800000| Untracked 
|  64|0x0000000708a00000, 0x0000000708a00000, 0x0000000708c00000|  0%| F|  |TAMS 0x0000000708a00000, 0x0000000708a00000| Untracked 
|  65|0x0000000708c00000, 0x0000000708c00000, 0x0000000708e00000|  0%| F|  |TAMS 0x0000000708c00000, 0x0000000708c00000| Untracked 
|  66|0x0000000708e00000, 0x0000000708e00000, 0x0000000709000000|  0%| F|  |TAMS 0x0000000708e00000, 0x0000000708e00000| Untracked 
|  67|0x0000000709000000, 0x0000000709000000, 0x0000000709200000|  0%| F|  |TAMS 0x0000000709000000, 0x0000000709000000| Untracked 
|  68|0x0000000709200000, 0x0000000709200000, 0x0000000709400000|  0%| F|  |TAMS 0x0000000709200000, 0x0000000709200000| Untracked 
|  69|0x0000000709400000, 0x0000000709400000, 0x0000000709600000|  0%| F|  |TAMS 0x0000000709400000, 0x0000000709400000| Untracked 
|  70|0x0000000709600000, 0x0000000709600000, 0x0000000709800000|  0%| F|  |TAMS 0x0000000709600000, 0x0000000709600000| Untracked 
|  71|0x0000000709800000, 0x0000000709800000, 0x0000000709a00000|  0%| F|  |TAMS 0x0000000709800000, 0x0000000709800000| Untracked 
|  72|0x0000000709a00000, 0x0000000709a00000, 0x0000000709c00000|  0%| F|  |TAMS 0x0000000709a00000, 0x0000000709a00000| Untracked 
|  73|0x0000000709c00000, 0x0000000709c00000, 0x0000000709e00000|  0%| F|  |TAMS 0x0000000709c00000, 0x0000000709c00000| Untracked 
|  74|0x0000000709e00000, 0x0000000709e00000, 0x000000070a000000|  0%| F|  |TAMS 0x0000000709e00000, 0x0000000709e00000| Untracked 
|  75|0x000000070a000000, 0x000000070a000000, 0x000000070a200000|  0%| F|  |TAMS 0x000000070a000000, 0x000000070a000000| Untracked 
|  76|0x000000070a200000, 0x000000070a200000, 0x000000070a400000|  0%| F|  |TAMS 0x000000070a200000, 0x000000070a200000| Untracked 
|  77|0x000000070a400000, 0x000000070a400000, 0x000000070a600000|  0%| F|  |TAMS 0x000000070a400000, 0x000000070a400000| Untracked 
|  78|0x000000070a600000, 0x000000070a600000, 0x000000070a800000|  0%| F|  |TAMS 0x000000070a600000, 0x000000070a600000| Untracked 
|  79|0x000000070a800000, 0x000000070a800000, 0x000000070aa00000|  0%| F|  |TAMS 0x000000070a800000, 0x000000070a800000| Untracked 
|  80|0x000000070aa00000, 0x000000070aa00000, 0x000000070ac00000|  0%| F|  |TAMS 0x000000070aa00000, 0x000000070aa00000| Untracked 
|  81|0x000000070ac00000, 0x000000070ac00000, 0x000000070ae00000|  0%| F|  |TAMS 0x000000070ac00000, 0x000000070ac00000| Untracked 
|  82|0x000000070ae00000, 0x000000070ae00000, 0x000000070b000000|  0%| F|  |TAMS 0x000000070ae00000, 0x000000070ae00000| Untracked 
|  83|0x000000070b000000, 0x000000070b000000, 0x000000070b200000|  0%| F|  |TAMS 0x000000070b000000, 0x000000070b000000| Untracked 
|  84|0x000000070b200000, 0x000000070b200000, 0x000000070b400000|  0%| F|  |TAMS 0x000000070b200000, 0x000000070b200000| Untracked 
|  85|0x000000070b400000, 0x000000070b400000, 0x000000070b600000|  0%| F|  |TAMS 0x000000070b400000, 0x000000070b400000| Untracked 
|  86|0x000000070b600000, 0x000000070b600000, 0x000000070b800000|  0%| F|  |TAMS 0x000000070b600000, 0x000000070b600000| Untracked 
|  87|0x000000070b800000, 0x000000070b800000, 0x000000070ba00000|  0%| F|  |TAMS 0x000000070b800000, 0x000000070b800000| Untracked 
|  88|0x000000070ba00000, 0x000000070ba00000, 0x000000070bc00000|  0%| F|  |TAMS 0x000000070ba00000, 0x000000070ba00000| Untracked 
|  89|0x000000070bc00000, 0x000000070bc00000, 0x000000070be00000|  0%| F|  |TAMS 0x000000070bc00000, 0x000000070bc00000| Untracked 
|  90|0x000000070be00000, 0x000000070be00000, 0x000000070c000000|  0%| F|  |TAMS 0x000000070be00000, 0x000000070be00000| Untracked 
|  91|0x000000070c000000, 0x000000070c000000, 0x000000070c200000|  0%| F|  |TAMS 0x000000070c000000, 0x000000070c000000| Untracked 
|  92|0x000000070c200000, 0x000000070c200000, 0x000000070c400000|  0%| F|  |TAMS 0x000000070c200000, 0x000000070c200000| Untracked 
|  93|0x000000070c400000, 0x000000070c400000, 0x000000070c600000|  0%| F|  |TAMS 0x000000070c400000, 0x000000070c400000| Untracked 
|  94|0x000000070c600000, 0x000000070c600000, 0x000000070c800000|  0%| F|  |TAMS 0x000000070c600000, 0x000000070c600000| Untracked 
|  95|0x000000070c800000, 0x000000070c800000, 0x000000070ca00000|  0%| F|  |TAMS 0x000000070c800000, 0x000000070c800000| Untracked 
|  96|0x000000070ca00000, 0x000000070ca00000, 0x000000070cc00000|  0%| F|  |TAMS 0x000000070ca00000, 0x000000070ca00000| Untracked 
|  97|0x000000070cc00000, 0x000000070cc00000, 0x000000070ce00000|  0%| F|  |TAMS 0x000000070cc00000, 0x000000070cc00000| Untracked 
|  98|0x000000070ce00000, 0x000000070ce00000, 0x000000070d000000|  0%| F|  |TAMS 0x000000070ce00000, 0x000000070ce00000| Untracked 
|  99|0x000000070d000000, 0x000000070d000000, 0x000000070d200000|  0%| F|  |TAMS 0x000000070d000000, 0x000000070d000000| Untracked 
| 100|0x000000070d200000, 0x000000070d200000, 0x000000070d400000|  0%| F|  |TAMS 0x000000070d200000, 0x000000070d200000| Untracked 
| 101|0x000000070d400000, 0x000000070d400000, 0x000000070d600000|  0%| F|  |TAMS 0x000000070d400000, 0x000000070d400000| Untracked 
| 102|0x000000070d600000, 0x000000070d600000, 0x000000070d800000|  0%| F|  |TAMS 0x000000070d600000, 0x000000070d600000| Untracked 
| 103|0x000000070d800000, 0x000000070d800000, 0x000000070da00000|  0%| F|  |TAMS 0x000000070d800000, 0x000000070d800000| Untracked 
| 104|0x000000070da00000, 0x000000070da00000, 0x000000070dc00000|  0%| F|  |TAMS 0x000000070da00000, 0x000000070da00000| Untracked 
| 105|0x000000070dc00000, 0x000000070dc00000, 0x000000070de00000|  0%| F|  |TAMS 0x000000070dc00000, 0x000000070dc00000| Untracked 
| 106|0x000000070de00000, 0x000000070de00000, 0x000000070e000000|  0%| F|  |TAMS 0x000000070de00000, 0x000000070de00000| Untracked 
| 107|0x000000070e000000, 0x000000070e000000, 0x000000070e200000|  0%| F|  |TAMS 0x000000070e000000, 0x000000070e000000| Untracked 
| 108|0x000000070e200000, 0x000000070e200000, 0x000000070e400000|  0%| F|  |TAMS 0x000000070e200000, 0x000000070e200000| Untracked 
| 109|0x000000070e400000, 0x000000070e400000, 0x000000070e600000|  0%| F|  |TAMS 0x000000070e400000, 0x000000070e400000| Untracked 
| 110|0x000000070e600000, 0x000000070e600000, 0x000000070e800000|  0%| F|  |TAMS 0x000000070e600000, 0x000000070e600000| Untracked 
| 111|0x000000070e800000, 0x000000070e800000, 0x000000070ea00000|  0%| F|  |TAMS 0x000000070e800000, 0x000000070e800000| Untracked 
| 112|0x000000070ea00000, 0x000000070ea00000, 0x000000070ec00000|  0%| F|  |TAMS 0x000000070ea00000, 0x000000070ea00000| Untracked 
| 113|0x000000070ec00000, 0x000000070ec00000, 0x000000070ee00000|  0%| F|  |TAMS 0x000000070ec00000, 0x000000070ec00000| Untracked 
| 114|0x000000070ee00000, 0x000000070ee00000, 0x000000070f000000|  0%| F|  |TAMS 0x000000070ee00000, 0x000000070ee00000| Untracked 
| 115|0x000000070f000000, 0x000000070f000000, 0x000000070f200000|  0%| F|  |TAMS 0x000000070f000000, 0x000000070f000000| Untracked 
| 116|0x000000070f200000, 0x000000070f200000, 0x000000070f400000|  0%| F|  |TAMS 0x000000070f200000, 0x000000070f200000| Untracked 
| 117|0x000000070f400000, 0x000000070f400000, 0x000000070f600000|  0%| F|  |TAMS 0x000000070f400000, 0x000000070f400000| Untracked 
| 118|0x000000070f600000, 0x000000070f7241d0, 0x000000070f800000| 57%| E|  |TAMS 0x000000070f600000, 0x000000070f600000| Complete 
| 119|0x000000070f800000, 0x000000070fa00000, 0x000000070fa00000|100%| E|CS|TAMS 0x000000070f800000, 0x000000070f800000| Complete 
| 120|0x000000070fa00000, 0x000000070fc00000, 0x000000070fc00000|100%| E|CS|TAMS 0x000000070fa00000, 0x000000070fa00000| Complete 
| 121|0x000000070fc00000, 0x000000070fe00000, 0x000000070fe00000|100%| E|CS|TAMS 0x000000070fc00000, 0x000000070fc00000| Complete 
| 122|0x000000070fe00000, 0x000000070ffa2030, 0x0000000710000000| 81%| S|CS|TAMS 0x000000070fe00000, 0x000000070fe00000| Complete 
| 123|0x0000000710000000, 0x0000000710200000, 0x0000000710200000|100%| E|CS|TAMS 0x0000000710000000, 0x0000000710000000| Complete 
| 124|0x0000000710200000, 0x0000000710400000, 0x0000000710400000|100%| E|CS|TAMS 0x0000000710200000, 0x0000000710200000| Complete 
| 125|0x0000000710400000, 0x0000000710600000, 0x0000000710600000|100%| E|CS|TAMS 0x0000000710400000, 0x0000000710400000| Complete 
| 126|0x0000000710600000, 0x0000000710800000, 0x0000000710800000|100%| E|CS|TAMS 0x0000000710600000, 0x0000000710600000| Complete 
| 127|0x0000000710800000, 0x0000000710a00000, 0x0000000710a00000|100%| E|CS|TAMS 0x0000000710800000, 0x0000000710800000| Complete 

Card table byte_map: [0x0000020e1d180000,0x0000020e1d980000] _byte_map_base: 0x0000020e1997b000

Marking Bits (Prev, Next): (CMBitMap*) 0x0000020e11eff590, (CMBitMap*) 0x0000020e11eff5d0
 Prev Bits: [0x0000020e1e180000, 0x0000020e22158000)
 Next Bits: [0x0000020e22160000, 0x0000020e26138000)

Polling page: 0x0000020e0fd20000

Metaspace:

Usage:
  Non-class:      9.71 MB used.
      Class:      1.52 MB used.
       Both:     11.23 MB used.

Virtual space:
  Non-class space:       64.00 MB reserved,       9.81 MB ( 15%) committed,  1 nodes.
      Class space:        1.00 GB reserved,       1.69 MB ( <1%) committed,  1 nodes.
             Both:        1.06 GB reserved,      11.50 MB (  1%) committed. 

Chunk freelists:
   Non-Class:  5.92 MB
       Class:  14.30 MB
        Both:  20.22 MB

MaxMetaspaceSize: unlimited
CompressedClassSpaceSize: 1.00 GB
Initial GC threshold: 21.00 MB
Current GC threshold: 21.00 MB
CDS: on
MetaspaceReclaimPolicy: balanced
 - commit_granule_bytes: 65536.
 - commit_granule_words: 8192.
 - virtual_space_node_default_size: 8388608.
 - enlarge_chunks_in_place: 1.
 - new_chunks_are_fully_committed: 0.
 - uncommit_free_chunks: 1.
 - use_allocation_guard: 0.
 - handle_deallocations: 1.


Internal statistics:

num_allocs_failed_limit: 0.
num_arena_births: 282.
num_arena_deaths: 0.
num_vsnodes_births: 2.
num_vsnodes_deaths: 0.
num_space_committed: 184.
num_space_uncommitted: 0.
num_chunks_returned_to_freelist: 0.
num_chunks_taken_from_freelist: 593.
num_chunk_merges: 0.
num_chunk_splits: 365.
num_chunks_enlarged: 227.
num_inconsistent_stats: 0.

CodeCache: size=49152Kb used=4981Kb max_used=4981Kb free=44171Kb
 bounds [0x0000020e19980000, 0x0000020e19e60000, 0x0000020e1c980000]
 total_blobs=2296 nmethods=1836 adapters=385
 compilation: enabled
              stopped_count=0, restarted_count=0
 full_count=0

Compilation events (20 events):
Event: 1.751 Thread 0x0000020e2843d860 1827       1       sun.reflect.generics.reflectiveObjects.ParameterizedTypeImpl::getActualTypeArguments (11 bytes)
Event: 1.751 Thread 0x0000020e28645650 nmethod 1823 0x0000020e19e59090 code [0x0000020e19e59240, 0x0000020e19e59408]
Event: 1.751 Thread 0x0000020e28645650 1828       1       java.lang.Class::getGenericInterfaces (21 bytes)
Event: 1.751 Thread 0x0000020e28645b70 nmethod 1826 0x0000020e19e59510 code [0x0000020e19e59760, 0x0000020e19e5a238]
Event: 1.751 Thread 0x0000020e28645b70 1829       1       sun.reflect.generics.repository.ClassRepository::getSuperInterfaces (27 bytes)
Event: 1.751 Thread 0x0000020e2843d860 nmethod 1827 0x0000020e19e5a690 code [0x0000020e19e5a820, 0x0000020e19e5a968]
Event: 1.752 Thread 0x0000020e28645650 nmethod 1828 0x0000020e19e5aa10 code [0x0000020e19e5abe0, 0x0000020e19e5ae18]
Event: 1.752 Thread 0x0000020e28645b70 nmethod 1829 0x0000020e19e5af90 code [0x0000020e19e5b140, 0x0000020e19e5b338]
Event: 1.760 Thread 0x0000020e2843d860 1830       1       java.util.BitSet::wordIndex (5 bytes)
Event: 1.760 Thread 0x0000020e28645650 1831       1       java.util.BitSet::checkInvariants (111 bytes)
Event: 1.760 Thread 0x0000020e2843d860 nmethod 1830 0x0000020e19e5b410 code [0x0000020e19e5b5a0, 0x0000020e19e5b658]
Event: 1.760 Thread 0x0000020e28645650 nmethod 1831 0x0000020e19e5b710 code [0x0000020e19e5b8a0, 0x0000020e19e5b958]
Event: 1.763 Thread 0x0000020e2843d860 1832       1       java.lang.invoke.DirectMethodHandle$Constructor::<init> (44 bytes)
Event: 1.764 Thread 0x0000020e2843d860 nmethod 1832 0x0000020e19e5bd10 code [0x0000020e19e5bea0, 0x0000020e19e5c048]
Event: 1.764 Thread 0x0000020e28645650 1833       1       java.util.BitSet::get (69 bytes)
Event: 1.764 Thread 0x0000020e28645650 nmethod 1833 0x0000020e19e5c110 code [0x0000020e19e5c300, 0x0000020e19e5c788]
Event: 1.765 Thread 0x0000020e28645b70 1834       1       java.util.Collections::emptyMap (4 bytes)
Event: 1.765 Thread 0x0000020e28645b70 nmethod 1834 0x0000020e19e5ca10 code [0x0000020e19e5cba0, 0x0000020e19e5cc58]
Event: 1.769 Thread 0x0000020e2843d860 1836       1       java.security.PermissionCollection::isReadOnly (5 bytes)
Event: 1.769 Thread 0x0000020e2843d860 nmethod 1836 0x0000020e19e5d110 code [0x0000020e19e5d2a0, 0x0000020e19e5d378]

GC Heap History (4 events):
Event: 0.980 GC heap before
{Heap before GC invocations=0 (full 0):
 garbage-first heap   total 262144K, used 10240K [0x0000000700a00000, 0x0000000800000000)
  region size 2048K, 6 young (12288K), 0 survivors (0K)
 Metaspace       used 4849K, committed 5056K, reserved 1114112K
  class space    used 577K, committed 640K, reserved 1048576K
}
Event: 0.985 GC heap after
{Heap after GC invocations=1 (full 0):
 garbage-first heap   total 262144K, used 5691K [0x0000000700a00000, 0x0000000800000000)
  region size 2048K, 1 young (2048K), 1 survivors (2048K)
 Metaspace       used 4849K, committed 5056K, reserved 1114112K
  class space    used 577K, committed 640K, reserved 1048576K
}
Event: 1.277 GC heap before
{Heap before GC invocations=1 (full 0):
 garbage-first heap   total 262144K, used 15931K [0x0000000700a00000, 0x0000000800000000)
  region size 2048K, 6 young (12288K), 1 survivors (2048K)
 Metaspace       used 7652K, committed 7872K, reserved 1114112K
  class space    used 976K, committed 1088K, reserved 1048576K
}
Event: 1.280 GC heap after
{Heap after GC invocations=2 (full 0):
 garbage-first heap   total 262144K, used 7414K [0x0000000700a00000, 0x0000000800000000)
  region size 2048K, 1 young (2048K), 1 survivors (2048K)
 Metaspace       used 7652K, committed 7872K, reserved 1114112K
  class space    used 976K, committed 1088K, reserved 1048576K
}

Dll operation events (11 events):
Event: 0.021 Loaded shared library C:\Program Files\Eclipse Adoptium\jdk-17.0.8.101-hotspot\bin\java.dll
Event: 0.063 Loaded shared library C:\Program Files\Eclipse Adoptium\jdk-17.0.8.101-hotspot\bin\jsvml.dll
Event: 0.349 Loaded shared library C:\Program Files\Eclipse Adoptium\jdk-17.0.8.101-hotspot\bin\zip.dll
Event: 0.351 Loaded shared library C:\Program Files\Eclipse Adoptium\jdk-17.0.8.101-hotspot\bin\instrument.dll
Event: 0.358 Loaded shared library C:\Program Files\Eclipse Adoptium\jdk-17.0.8.101-hotspot\bin\net.dll
Event: 0.362 Loaded shared library C:\Program Files\Eclipse Adoptium\jdk-17.0.8.101-hotspot\bin\nio.dll
Event: 0.365 Loaded shared library C:\Program Files\Eclipse Adoptium\jdk-17.0.8.101-hotspot\bin\zip.dll
Event: 0.501 Loaded shared library C:\Program Files\JetBrains\IntelliJ IDEA 2023.2.1\bin\breakgen64.dll
Event: 0.505 Loaded shared library C:\Program Files\Eclipse Adoptium\jdk-17.0.8.101-hotspot\bin\jimage.dll
Event: 0.547 Loaded shared library C:\Program Files\Eclipse Adoptium\jdk-17.0.8.101-hotspot\bin\management.dll
Event: 0.563 Loaded shared library C:\Program Files\Eclipse Adoptium\jdk-17.0.8.101-hotspot\bin\management_ext.dll

Deoptimization events (0 events):
No events

Classes unloaded (0 events):
No events

Classes redefined (0 events):
No events

Internal exceptions (20 events):
Event: 1.476 Thread 0x0000020e11e95e70 Exception <a 'java/lang/NoSuchMethodError'{0x00000007103180f8}: 'java.lang.Object java.lang.invoke.DirectMethodHandle$Holder.newInvokeSpecial(java.lang.Object, java.lang.Object, java.lang.Object, java.lang.Object, java.lang.Object, java.lang.Object, int)'> (0x00000007103180f8) 
thrown [s\src\hotspot\share\interpreter\linkResolver.cpp, line 759]
Event: 1.477 Thread 0x0000020e11e95e70 Exception <a 'java/lang/NoSuchMethodError'{0x000000071031d138}: 'java.lang.Object java.lang.invoke.DirectMethodHandle$Holder.invokeSpecial(java.lang.Object, java.lang.Object, java.lang.Object, java.lang.Object, java.lang.Object, java.lang.Object, java.lang.Object, int)'> (0x000000071031d138) 
thrown [s\src\hotspot\share\interpreter\linkResolver.cpp, line 759]
Event: 1.540 Thread 0x0000020e11e95e70 Exception <a 'java/lang/NoSuchMethodError'{0x0000000710169430}: 'java.lang.Object java.lang.invoke.DirectMethodHandle$Holder.invokeSpecial(java.lang.Object, java.lang.Object, java.lang.Object, int, java.lang.Object)'> (0x0000000710169430) 
thrown [s\src\hotspot\share\interpreter\linkResolver.cpp, line 759]
Event: 1.540 Thread 0x0000020e11e95e70 Exception <a 'java/lang/NoSuchMethodError'{0x0000000710171998}: 'java.lang.Object java.lang.invoke.DirectMethodHandle$Holder.newInvokeSpecial(java.lang.Object, java.lang.Object, java.lang.Object, int, java.lang.Object)'> (0x0000000710171998) 
thrown [s\src\hotspot\share\interpreter\linkResolver.cpp, line 759]
Event: 1.541 Thread 0x0000020e11e95e70 Exception <a 'java/lang/NoSuchMethodError'{0x0000000710179368}: 'java.lang.Object java.lang.invoke.Invokers$Holder.linkToTargetMethod(java.lang.Object, java.lang.Object, int, java.lang.Object, java.lang.Object)'> (0x0000000710179368) 
thrown [s\src\hotspot\share\interpreter\linkResolver.cpp, line 759]
Event: 1.542 Thread 0x0000020e11e95e70 Exception <a 'java/lang/NoSuchMethodError'{0x00000007101881a0}: 'java.lang.Object java.lang.invoke.DirectMethodHandle$Holder.newInvokeSpecial(java.lang.Object, int, java.lang.Object)'> (0x00000007101881a0) 
thrown [s\src\hotspot\share\interpreter\linkResolver.cpp, line 759]
Event: 1.543 Thread 0x0000020e11e95e70 Exception <a 'java/lang/NoSuchMethodError'{0x000000071018c170}: 'int java.lang.invoke.DirectMethodHandle$Holder.invokeSpecialIFC(java.lang.Object, java.lang.Object, java.lang.Object, java.lang.Object)'> (0x000000071018c170) 
thrown [s\src\hotspot\share\interpreter\linkResolver.cpp, line 759]
Event: 1.560 Thread 0x0000020e11e95e70 Exception <a 'java/lang/NoSuchMethodError'{0x000000070fc62640}: 'void java.lang.invoke.DirectMethodHandle$Holder.invokeInterface(java.lang.Object, java.lang.Object, java.lang.Object)'> (0x000000070fc62640) 
thrown [s\src\hotspot\share\interpreter\linkResolver.cpp, line 759]
Event: 1.600 Thread 0x0000020e11e95e70 Exception <a 'java/lang/NoSuchMethodError'{0x000000070fdaedf0}: 'void java.lang.invoke.DirectMethodHandle$Holder.invokeStatic(java.lang.Object, java.lang.Object, int)'> (0x000000070fdaedf0) 
thrown [s\src\hotspot\share\interpreter\linkResolver.cpp, line 759]
Event: 1.601 Thread 0x0000020e11e95e70 Exception <a 'java/lang/NoSuchMethodError'{0x000000070fdb6c98}: 'void java.lang.invoke.DirectMethodHandle$Holder.invokeStaticInit(java.lang.Object, java.lang.Object)'> (0x000000070fdb6c98) 
thrown [s\src\hotspot\share\interpreter\linkResolver.cpp, line 759]
Event: 1.603 Thread 0x0000020e11e95e70 Exception <a 'java/lang/NoSuchMethodError'{0x000000070fdc53d0}: 'void java.lang.invoke.DirectMethodHandle$Holder.invokeStaticInit(java.lang.Object, java.lang.Object, java.lang.Object)'> (0x000000070fdc53d0) 
thrown [s\src\hotspot\share\interpreter\linkResolver.cpp, line 759]
Event: 1.608 Thread 0x0000020e11e95e70 Exception <a 'java/lang/NoSuchMethodError'{0x000000070fa013f0}: 'java.lang.Object java.lang.invoke.DirectMethodHandle$Holder.invokeStatic(java.lang.Object, java.lang.Object, long, java.lang.Object)'> (0x000000070fa013f0) 
thrown [s\src\hotspot\share\interpreter\linkResolver.cpp, line 759]
Event: 1.609 Thread 0x0000020e11e95e70 Exception <a 'java/lang/NoSuchMethodError'{0x000000070fa04e88}: 'java.lang.Object java.lang.invoke.DirectMethodHandle$Holder.invokeStaticInit(java.lang.Object, java.lang.Object, long, java.lang.Object)'> (0x000000070fa04e88) 
thrown [s\src\hotspot\share\interpreter\linkResolver.cpp, line 759]
Event: 1.609 Thread 0x0000020e11e95e70 Exception <a 'java/lang/NoSuchMethodError'{0x000000070fa0b498}: 'java.lang.Object java.lang.invoke.DirectMethodHandle$Holder.newInvokeSpecial(java.lang.Object, java.lang.Object, long)'> (0x000000070fa0b498) 
thrown [s\src\hotspot\share\interpreter\linkResolver.cpp, line 759]
Event: 1.618 Thread 0x0000020e11e95e70 Exception <a 'java/lang/NoSuchMethodError'{0x000000070fa5f110}: 'void java.lang.invoke.DirectMethodHandle$Holder.invokeVirtual(java.lang.Object, java.lang.Object, java.lang.Object, java.lang.Object)'> (0x000000070fa5f110) 
thrown [s\src\hotspot\share\interpreter\linkResolver.cpp, line 759]
Event: 1.637 Thread 0x0000020e6e4ad7e0 Exception <a 'java/lang/reflect/InvocationTargetException'{0x000000070fb12cd8}> (0x000000070fb12cd8) 
thrown [s\src\hotspot\share\runtime\reflection.cpp, line 1121]
Event: 1.714 Thread 0x0000020e11e95e70 Exception <a 'java/lang/NoSuchMethodError'{0x000000070fbe9698}: 'void java.lang.invoke.DirectMethodHandle$Holder.invokeSpecial(java.lang.Object, java.lang.Object, java.lang.Object)'> (0x000000070fbe9698) 
thrown [s\src\hotspot\share\interpreter\linkResolver.cpp, line 759]
Event: 1.715 Thread 0x0000020e11e95e70 Exception <a 'java/lang/NoSuchMethodError'{0x000000070fbefc70}: 'void java.lang.invoke.DirectMethodHandle$Holder.invokeSpecial(java.lang.Object, java.lang.Object, java.lang.Object, java.lang.Object, java.lang.Object)'> (0x000000070fbefc70) 
thrown [s\src\hotspot\share\interpreter\linkResolver.cpp, line 759]
Event: 1.721 Thread 0x0000020e11e95e70 Exception <a 'java/lang/IncompatibleClassChangeError'{0x000000070f81c818}: Found class java.lang.Object, but interface was expected> (0x000000070f81c818) 
thrown [s\src\hotspot\share\interpreter\linkResolver.cpp, line 826]
Event: 1.752 Thread 0x0000020e6e6b7060 Exception <a 'java/lang/NoClassDefFoundError'{0x000000070f944828}: jakarta/validation/Validation> (0x000000070f944828) 
thrown [s\src\hotspot\share\classfile\systemDictionary.cpp, line 245]

VM Operations (20 events):
Event: 0.805 Executing VM operation: HandshakeAllThreads
Event: 0.805 Executing VM operation: HandshakeAllThreads done
Event: 0.968 Executing VM operation: HandshakeAllThreads
Event: 0.968 Executing VM operation: HandshakeAllThreads done
Event: 0.973 Executing VM operation: HandshakeAllThreads
Event: 0.973 Executing VM operation: HandshakeAllThreads done
Event: 0.980 Executing VM operation: G1CollectForAllocation
Event: 0.985 Executing VM operation: G1CollectForAllocation done
Event: 1.115 Executing VM operation: HandshakeAllThreads
Event: 1.115 Executing VM operation: HandshakeAllThreads done
Event: 1.277 Executing VM operation: G1CollectForAllocation
Event: 1.280 Executing VM operation: G1CollectForAllocation done
Event: 1.316 Executing VM operation: HandshakeAllThreads
Event: 1.316 Executing VM operation: HandshakeAllThreads done
Event: 1.519 Executing VM operation: HandshakeAllThreads
Event: 1.519 Executing VM operation: HandshakeAllThreads done
Event: 1.657 Executing VM operation: HandshakeAllThreads
Event: 1.657 Executing VM operation: HandshakeAllThreads done
Event: 1.677 Executing VM operation: HandshakeAllThreads
Event: 1.677 Executing VM operation: HandshakeAllThreads done

Events (20 events):
Event: 1.600 loading class java/util/stream/IntPipeline$4$1 done
Event: 1.600 loading class java/util/RegularEnumSet$EnumSetIterator
Event: 1.600 loading class java/util/RegularEnumSet$EnumSetIterator done
Event: 1.607 loading class java/nio/file/attribute/PosixFilePermission
Event: 1.607 loading class java/nio/file/attribute/PosixFilePermission done
Event: 1.607 loading class java/lang/ProcessHandle
Event: 1.607 loading class java/lang/ProcessHandle done
Event: 1.607 loading class java/lang/ProcessHandleImpl
Event: 1.608 loading class java/lang/ProcessHandleImpl done
Event: 1.617 loading class java/util/concurrent/Executors$DefaultThreadFactory
Event: 1.617 loading class java/util/concurrent/Executors$DefaultThreadFactory done
Event: 1.629 loading class java/util/Stack
Event: 1.630 loading class java/util/Stack done
Event: 1.630 loading class java/util/Vector$Itr
Event: 1.630 loading class java/util/Vector$Itr done
Event: 1.634 Thread 0x0000020e6e6b8ec0 Thread added: 0x0000020e6e6b8ec0
Event: 1.640 Thread 0x0000020e6e6b8ec0 Thread exited: 0x0000020e6e6b8ec0
Event: 1.718 Thread 0x0000020e6e6b7060 Thread added: 0x0000020e6e6b7060
Event: 1.763 loading class java/lang/StrictMath
Event: 1.763 loading class java/lang/StrictMath done


Dynamic libraries:
0x00007ff7d1490000 - 0x00007ff7d149e000 	C:\Program Files\Eclipse Adoptium\jdk-17.0.8.101-hotspot\bin\java.exe
0x00007fffcb450000 - 0x00007fffcb648000 	C:\WINDOWS\SYSTEM32\ntdll.dll
0x00007fffc9640000 - 0x00007fffc96fd000 	C:\WINDOWS\System32\KERNEL32.DLL
0x00007fffc8fe0000 - 0x00007fffc92d6000 	C:\WINDOWS\System32\KERNELBASE.dll
0x00007fffc8ee0000 - 0x00007fffc8fe0000 	C:\WINDOWS\System32\ucrtbase.dll
0x00007fffc4510000 - 0x00007fffc4527000 	C:\Program Files\Eclipse Adoptium\jdk-17.0.8.101-hotspot\bin\jli.dll
0x00007fffc9f20000 - 0x00007fffca0be000 	C:\WINDOWS\System32\USER32.dll
0x00007fffc3a00000 - 0x00007fffc3a19000 	C:\Program Files\Eclipse Adoptium\jdk-17.0.8.101-hotspot\bin\VCRUNTIME140.dll
0x00007fffbc740000 - 0x00007fffbc9da000 	C:\WINDOWS\WinSxS\amd64_microsoft.windows.common-controls_6595b64144ccf1df_6.0.19041.3636_none_60b6a03d71f818d5\COMCTL32.dll
0x00007fffcb1e0000 - 0x00007fffcb27e000 	C:\WINDOWS\System32\msvcrt.dll
0x00007fffc8e40000 - 0x00007fffc8e62000 	C:\WINDOWS\System32\win32u.dll
0x00007fffcb2e0000 - 0x00007fffcb30c000 	C:\WINDOWS\System32\GDI32.dll
0x00007fffc8d20000 - 0x00007fffc8e3a000 	C:\WINDOWS\System32\gdi32full.dll
0x00007fffc9390000 - 0x00007fffc942d000 	C:\WINDOWS\System32\msvcp_win.dll
0x00007fffca0d0000 - 0x00007fffca100000 	C:\WINDOWS\System32\IMM32.DLL
0x00007fffc41a0000 - 0x00007fffc41ac000 	C:\Program Files\Eclipse Adoptium\jdk-17.0.8.101-hotspot\bin\vcruntime140_1.dll
0x00007fff8a450000 - 0x00007fff8a4e1000 	C:\Program Files\Eclipse Adoptium\jdk-17.0.8.101-hotspot\bin\msvcp140.dll
0x00007fff3d8b0000 - 0x00007fff3e4fc000 	C:\Program Files\Eclipse Adoptium\jdk-17.0.8.101-hotspot\bin\server\jvm.dll
0x00007fffca870000 - 0x00007fffca91e000 	C:\WINDOWS\System32\ADVAPI32.dll
0x00007fffcb310000 - 0x00007fffcb3ac000 	C:\WINDOWS\System32\sechost.dll
0x00007fffcace0000 - 0x00007fffcae06000 	C:\WINDOWS\System32\RPCRT4.dll
0x00007fffc84d0000 - 0x00007fffc851b000 	C:\WINDOWS\SYSTEM32\POWRPROF.dll
0x00007fffb2430000 - 0x00007fffb2439000 	C:\WINDOWS\SYSTEM32\WSOCK32.dll
0x00007fffca920000 - 0x00007fffca98b000 	C:\WINDOWS\System32\WS2_32.dll
0x00007fffb2de0000 - 0x00007fffb2e07000 	C:\WINDOWS\SYSTEM32\WINMM.dll
0x00007fffc2660000 - 0x00007fffc266a000 	C:\WINDOWS\SYSTEM32\VERSION.dll
0x00007fffc8450000 - 0x00007fffc8462000 	C:\WINDOWS\SYSTEM32\UMPDC.dll
0x00007fffc6910000 - 0x00007fffc6922000 	C:\WINDOWS\SYSTEM32\kernel.appcore.dll
0x00007fffc4170000 - 0x00007fffc417a000 	C:\Program Files\Eclipse Adoptium\jdk-17.0.8.101-hotspot\bin\jimage.dll
0x00007fffc41e0000 - 0x00007fffc43c4000 	C:\WINDOWS\SYSTEM32\DBGHELP.DLL
0x00007fffc1660000 - 0x00007fffc1694000 	C:\WINDOWS\SYSTEM32\dbgcore.DLL
0x00007fffc8c90000 - 0x00007fffc8d12000 	C:\WINDOWS\System32\bcryptPrimitives.dll
0x00007fffc4120000 - 0x00007fffc412e000 	C:\Program Files\Eclipse Adoptium\jdk-17.0.8.101-hotspot\bin\instrument.dll
0x00007fffc2ab0000 - 0x00007fffc2ad5000 	C:\Program Files\Eclipse Adoptium\jdk-17.0.8.101-hotspot\bin\java.dll
0x00007fff890f0000 - 0x00007fff891c6000 	C:\Program Files\Eclipse Adoptium\jdk-17.0.8.101-hotspot\bin\jsvml.dll
0x00007fffca120000 - 0x00007fffca864000 	C:\WINDOWS\System32\SHELL32.dll
0x00007fffc6bf0000 - 0x00007fffc738b000 	C:\WINDOWS\SYSTEM32\windows.storage.dll
0x00007fffcae80000 - 0x00007fffcb1d4000 	C:\WINDOWS\System32\combase.dll
0x00007fffc8570000 - 0x00007fffc859d000 	C:\WINDOWS\SYSTEM32\Wldp.dll
0x00007fffc94b0000 - 0x00007fffc955d000 	C:\WINDOWS\System32\SHCORE.dll
0x00007fffcac70000 - 0x00007fffcacc5000 	C:\WINDOWS\System32\shlwapi.dll
0x00007fffc8a60000 - 0x00007fffc8a85000 	C:\WINDOWS\SYSTEM32\profapi.dll
0x00007fffc37a0000 - 0x00007fffc37b8000 	C:\Program Files\Eclipse Adoptium\jdk-17.0.8.101-hotspot\bin\zip.dll
0x00007fffc2fb0000 - 0x00007fffc2fc9000 	C:\Program Files\Eclipse Adoptium\jdk-17.0.8.101-hotspot\bin\net.dll
0x00007fffbff90000 - 0x00007fffc009a000 	C:\WINDOWS\SYSTEM32\WINHTTP.dll
0x00007fffc8260000 - 0x00007fffc82ca000 	C:\WINDOWS\system32\mswsock.dll
0x00007fffc02f0000 - 0x00007fffc0305000 	C:\Program Files\Eclipse Adoptium\jdk-17.0.8.101-hotspot\bin\nio.dll
0x00007fffc0210000 - 0x00007fffc022a000 	C:\Program Files\JetBrains\IntelliJ IDEA 2023.2.1\bin\breakgen64.dll
0x00007fffc7f30000 - 0x00007fffc7ffa000 	C:\WINDOWS\SYSTEM32\DNSAPI.dll
0x00007fffc7ef0000 - 0x00007fffc7f2b000 	C:\WINDOWS\SYSTEM32\IPHLPAPI.DLL
0x00007fffca0c0000 - 0x00007fffca0c8000 	C:\WINDOWS\System32\NSI.dll
0x0000000054230000 - 0x0000000054256000 	C:\Program Files\Bonjour\mdnsNSP.dll
0x00007fffbfe50000 - 0x00007fffbfe5a000 	C:\Windows\System32\rasadhlp.dll
0x00007fffbdf10000 - 0x00007fffbdf90000 	C:\WINDOWS\System32\fwpuclnt.dll
0x00007fffc9430000 - 0x00007fffc9457000 	C:\WINDOWS\System32\bcrypt.dll
0x00007fffc2a50000 - 0x00007fffc2a59000 	C:\Program Files\Eclipse Adoptium\jdk-17.0.8.101-hotspot\bin\management.dll
0x00007fffc3a30000 - 0x00007fffc3a3b000 	C:\Program Files\Eclipse Adoptium\jdk-17.0.8.101-hotspot\bin\management_ext.dll
0x00007fffcacd0000 - 0x00007fffcacd8000 	C:\WINDOWS\System32\PSAPI.DLL
0x00007fffc8470000 - 0x00007fffc8488000 	C:\WINDOWS\SYSTEM32\CRYPTSP.dll
0x00007fffc7b30000 - 0x00007fffc7b64000 	C:\WINDOWS\system32\rsaenh.dll
0x00007fffc8a20000 - 0x00007fffc8a4e000 	C:\WINDOWS\SYSTEM32\USERENV.dll
0x00007fffc8490000 - 0x00007fffc849c000 	C:\WINDOWS\SYSTEM32\CRYPTBASE.dll
0x00007fffc2640000 - 0x00007fffc2657000 	C:\WINDOWS\SYSTEM32\dhcpcsvc6.DLL
0x00007fffc23a0000 - 0x00007fffc23bd000 	C:\WINDOWS\SYSTEM32\dhcpcsvc.DLL
0x00007fffab0a0000 - 0x00007fffab0b7000 	C:\WINDOWS\system32\napinsp.dll
0x00007fffab0c0000 - 0x00007fffab0db000 	C:\WINDOWS\system32\pnrpnsp.dll
0x00007fffab080000 - 0x00007fffab095000 	C:\WINDOWS\system32\wshbth.dll
0x00007fffc3290000 - 0x00007fffc32ad000 	C:\WINDOWS\system32\NLAapi.dll
0x00007fffab0e0000 - 0x00007fffab0f2000 	C:\WINDOWS\System32\winrnr.dll

dbghelp: loaded successfully - version: 4.0.5 - missing functions: none
symbol engine: initialized successfully - sym options: 0x614 - pdb path: .;C:\Program Files\Eclipse Adoptium\jdk-17.0.8.101-hotspot\bin;C:\WINDOWS\SYSTEM32;C:\WINDOWS\WinSxS\amd64_microsoft.windows.common-controls_6595b64144ccf1df_6.0.19041.3636_none_60b6a03d71f818d5;C:\Program Files\Eclipse Adoptium\jdk-17.0.8.101-hotspot\bin\server;C:\Program Files\JetBrains\IntelliJ IDEA 2023.2.1\bin;C:\Program Files\Bonjour

VM Arguments:
jvm_args: -XX:TieredStopAtLevel=1 -Dspring.output.ansi.enabled=always -Dcom.sun.management.jmxremote -Dspring.jmx.enabled=true -Dspring.liveBeansView.mbeanDomain -Dspring.application.admin.enabled=true -Dmanagement.endpoints.jmx.exposure.include=* -javaagent:C:\Program Files\JetBrains\IntelliJ IDEA 2023.2.1\lib\idea_rt.jar=54074:C:\Program Files\JetBrains\IntelliJ IDEA 2023.2.1\bin -Dfile.encoding=UTF-8 
java_command: com.bootcamp.apirest.ApiRestApplication
java_class_path (initial): C:\Users\sarap\Desktop\api-rest\target\classes;C:\Users\sarap\.m2\repository\org\springframework\boot\spring-boot-starter-data-jpa\3.1.5\spring-boot-starter-data-jpa-3.1.5.jar;C:\Users\sarap\.m2\repository\org\springframework\boot\spring-boot-starter-aop\3.1.5\spring-boot-starter-aop-3.1.5.jar;C:\Users\sarap\.m2\repository\org\springframework\spring-aop\6.0.13\spring-aop-6.0.13.jar;C:\Users\sarap\.m2\repository\org\aspectj\aspectjweaver\1.9.20\aspectjweaver-1.9.20.jar;C:\Users\sarap\.m2\repository\org\springframework\boot\spring-boot-starter-jdbc\3.1.5\spring-boot-starter-jdbc-3.1.5.jar;C:\Users\sarap\.m2\repository\com\zaxxer\HikariCP\5.0.1\HikariCP-5.0.1.jar;C:\Users\sarap\.m2\repository\org\springframework\spring-jdbc\6.0.13\spring-jdbc-6.0.13.jar;C:\Users\sarap\.m2\repository\org\hibernate\orm\hibernate-core\6.2.13.Final\hibernate-core-6.2.13.Final.jar;C:\Users\sarap\.m2\repository\jakarta\persistence\jakarta.persistence-api\3.1.0\jakarta.persistence-api-3.1.0.jar;C:\Users\sarap\.m2\repository\jakarta\transaction\jakarta.transaction-api\2.0.1\jakarta.transaction-api-2.0.1.jar;C:\Users\sarap\.m2\repository\org\jboss\logging\jboss-logging\3.5.3.Final\jboss-logging-3.5.3.Final.jar;C:\Users\sarap\.m2\repository\org\hibernate\common\hibernate-commons-annotations\6.0.6.Final\hibernate-commons-annotations-6.0.6.Final.jar;C:\Users\sarap\.m2\repository\io\smallrye\jandex\3.0.5\jandex-3.0.5.jar;C:\Users\sarap\.m2\repository\com\fasterxml\classmate\1.5.1\classmate-1.5.1.jar;C:\Users\sarap\.m2\repository\net\bytebuddy\byte-buddy\1.14.9\byte-buddy-1.14.9.jar;C:\Users\sarap\.m2\repository\org\glassfish\jaxb\jaxb-runtime\4.0.3\jaxb-runtime-4.0.3.jar;C:\Users\sarap\.m2\repository\org\glassfish\jaxb\jaxb-core\4.0.3\jaxb-core-4.0.3.jar;C:\Users\sarap\.m2\repository\org\eclipse\angus\angus-activation\2.0.1\angus-activation-2.0.1.jar;C:\Users\sarap\.m2\repository\org\glassfish\jaxb\txw2\4.0.3\txw2-4.0.3.jar;C:\Users\sarap\.m2\repository\com\sun\istack\i
Launcher Type: SUN_STANDARD

[Global flags]
     intx CICompilerCount                          = 3                                         {product} {ergonomic}
     uint ConcGCThreads                            = 1                                         {product} {ergonomic}
     uint G1ConcRefinementThreads                  = 4                                         {product} {ergonomic}
   size_t G1HeapRegionSize                         = 2097152                                   {product} {ergonomic}
    uintx GCDrainStackTargetSize                   = 64                                        {product} {ergonomic}
   size_t InitialHeapSize                          = 268435456                                 {product} {ergonomic}
     bool ManagementServer                         = true                                      {product} {command line}
   size_t MarkStackSize                            = 4194304                                   {product} {ergonomic}
   size_t MaxHeapSize                              = 4284481536                                {product} {ergonomic}
   size_t MaxNewSize                               = 2569011200                                {product} {ergonomic}
   size_t MinHeapDeltaBytes                        = 2097152                                   {product} {ergonomic}
   size_t MinHeapSize                              = 8388608                                   {product} {ergonomic}
    uintx NonProfiledCodeHeapSize                  = 0                                      {pd product} {ergonomic}
     bool ProfileInterpreter                       = false                                  {pd product} {command line}
    uintx ProfiledCodeHeapSize                     = 0                                      {pd product} {ergonomic}
   size_t SoftMaxHeapSize                          = 4284481536                             {manageable} {ergonomic}
     intx TieredStopAtLevel                        = 1                                         {product} {command line}
     bool UseCompressedClassPointers               = true                           {product lp64_product} {ergonomic}
     bool UseCompressedOops                        = true                           {product lp64_product} {ergonomic}
     bool UseG1GC                                  = true                                      {product} {ergonomic}
     bool UseLargePagesIndividualAllocation        = false                                  {pd product} {ergonomic}

Logging:
Log output configuration:
 #0: stdout all=warning uptime,level,tags
 #1: stderr all=off uptime,level,tags

Environment Variables:
JAVA_HOME=C:\Program Files\Eclipse Adoptium\jdk-17.0.8.101-hotspot
PATH=C:\Program Files\Eclipse Adoptium\jdk-17.0.8.101-hotspot\bin;C:\Program Files\Eclipse Adoptium\jdk-20.0.2.9-hotspot\bin;C:\Program Files (x86)\Common Files\Oracle\Java\javapath;C:\WINDOWS\system32;C:\WINDOWS;C:\WINDOWS\System32\Wbem;C:\WINDOWS\System32\WindowsPowerShell\v1.0\;C:\WINDOWS\System32\OpenSSH\;C:\Program Files (x86)\dotnet\;C:\Program Files\NVIDIA Corporation\NVIDIA NvDLISR;C:\WINDOWS\system32;C:\WINDOWS;C:\WINDOWS\System32\Wbem;C:\WINDOWS\System32\WindowsPowerShell\v1.0\;C:\WINDOWS\System32\OpenSSH\;C:\Program Files (x86)\NVIDIA Corporation\PhysX\Common;C:\Program Files\dotnet\;C:\MinGW\bin;C:\Program Files\Git\cmd;D:\apache-maven-3.8.8-bin\apache-maven-3.8.8\bin;C:\Users\sarap\AppData\Roaming\local\bin;C:\Users\sarap\AppData\Local\Microsoft\WindowsApps;C:\Users\sarap\.dotnet\tools;C:\Users\sarap\AppData\Local\spicetify;C:\Users\sarap\AppData\Local\Programs\Microsoft VS Code\bin;C:\GnuWin32\bin;C:\ghcup\bin;C:\Program Files\Eclipse Adoptium\jdk-17.0.8.101-hotspot\bin;C:\Program Files\JetBrains\IntelliJ IDEA 2023.2.1\bin;;C:\flutter\bin;
USERNAME=Lucas Sarappa
TMPDIR=C:\Users\Public\Documents\Wondershare\CreatorTemp
OS=Windows_NT
PROCESSOR_IDENTIFIER=Intel64 Family 6 Model 94 Stepping 3, GenuineIntel
TMP=C:\Users\sarap\AppData\Local\Temp
TEMP=C:\Users\sarap\AppData\Local\Temp



---------------  S Y S T E M  ---------------

OS:
 Windows 10 , 64 bit Build 19041 (10.0.19041.3636)
OS uptime: 2 days 19:47 hours

CPU: total 4 (initial active 4) (4 cores per cpu, 1 threads per core) family 6 model 94 stepping 3 microcode 0xcc, cx8, cmov, fxsr, mmx, 3dnowpref, sse, sse2, sse3, ssse3, sse4.1, sse4.2, popcnt, lzcnt, tsc, tscinvbit, avx, avx2, aes, erms, clmul, bmi1, bmi2, adx, fma, vzeroupper, clflush, clflushopt
Processor Information for all 4 processors :
  Max Mhz: 2701, Current Mhz: 2701, Mhz Limit: 2701

Memory: 4k page, system-wide physical 16336M (4893M free)
TotalPageFile size 19336M (AvailPageFile size 0M)
current process WorkingSet (physical memory assigned to process): 83M, peak: 83M
current process commit charge ("private bytes"): 355M, peak: 355M

vm_info: OpenJDK 64-Bit Server VM (17.0.8.1+1) for windows-amd64 JRE (17.0.8.1+1), built on Aug 23 2023 15:29:17 by "admin" with MS VC++ 16.7 (VS2019)

END.
